<?xml version="1.0" encoding="UTF-8"?>
<beans xmlns="http://www.springframework.org/schema/beans"
       xmlns:xsi="http://www.w3.org/2001/XMLSchema-instance"
       xsi:schemaLocation="http://www.springframework.org/schema/beans
       http://www.springframework.org/schema/beans/spring-beans.xsd">

    <bean id="dataSource"
          class="org.springframework.jdbc.datasource.SimpleDriverDataSource">
        <property name="driverClass" value="com.mysql.cj.jdbc.Driver"/>
        <property name="url" value="jdbc:mysql://localhost/tobi_spring"/>
        <property name="username" value="tobi_spring"/>
        <property name="password" value="test"/>
    </bean>
    <bean id="userDao" class="springbook.user.dao.UserDaoJdbc">
        <property name="dataSource" ref="dataSource"/>
    </bean>
    <!-- 타깃 -->
    <bean id="userServiceImpl" class="springbook.user.service.UserServiceImpl">
        <property name="userDao" ref="userDao"/>
        <property name="mailSender" ref="mailSender"/>
    </bean>
    <!-- 데코레이터 -->
    <bean id="userService" class="springbook.user.service.TxProxyFactoryBean">
        <property name="target" ref="userServiceImpl"/>
        <property name="transactionManager" ref="transactionManager"/>
        <property name="pattern" value="upgradeLevels"/>
        <property name="serviceInterface" value="springbook.user.service.UserService"/>
    </bean>
    <bean id="transactionManager" class="org.springframework.jdbc.datasource.DataSourceTransactionManager">
        <property name="dataSource" ref="dataSource"/>
    </bean>
    <bean id="mailSender" class="springbook.user.service.DummyMailSender"/>
    <bean id="message" class="springbook.learningtest.spring.factorybean.MessageFactoryBean">
        <property name="text" value="Factory Bean"/>
    </bean>
</beans>